2019-01-28T16:43:13.954Z [Backend log] error: uncaughtException: describe is not defined
ReferenceError: describe is not defined
    at Object.<anonymous> (c:\Users\POCUser\Desktop\FSD\Capsule-Case-Study\Backend\tests\api.test.js:5:1)
    at Module._compile (module.js:638:14)
    at Object.Module._extensions..js (module.js:652:10)
    at Module.load (module.js:560:32)
    at tryModuleLoad (module.js:503:12)
    at Function.Module._load (module.js:495:3)
    at Function.Module.runMain (module.js:682:10)
    at startup (bootstrap_node.js:191:16)
    at bootstrap_node.js:613:3
2019-01-28T16:43:13.962Z [Backend log] error: uncaughtException: listen EADDRINUSE :::3000
Error: listen EADDRINUSE :::3000
    at Object._errnoException (util.js:1031:13)
    at _exceptionWithHostPort (util.js:1052:20)
    at Server.setupListenHandle [as _listen2] (net.js:1367:14)
    at listenInCluster (net.js:1408:12)
    at Server.listen (net.js:1496:7)
    at Function.listen (c:\Users\POCUser\Desktop\FSD\Capsule-Case-Study\Backend\node_modules\express\lib\application.js:618:24)
    at Object.<anonymous> (c:\Users\POCUser\Desktop\FSD\Capsule-Case-Study\Backend\index.js:31:5)
    at Module._compile (module.js:641:30)
    at Object.Module._extensions..js (module.js:652:10)
    at Module.load (module.js:560:32)
    at tryModuleLoad (module.js:503:12)
    at Function.Module._load (module.js:495:3)
    at Module.require (module.js:585:17)
    at require (internal/module.js:11:18)
    at Object.<anonymous> (c:\Users\POCUser\Desktop\FSD\Capsule-Case-Study\Backend\tests\api.test.js:2:13)
    at Module._compile (module.js:638:14)
